<?xml version="1.0" encoding="UTF-8"?>
<!-- Generated by org.testng.reporters.JUnitReportReporter -->
<testsuite hostname="LAPTOP-4671HNFS" failures="0" tests="1" name="Intial.TestNGClassPractice" time="0.014" errors="0" timestamp="2023-07-22T11:09:43 IST" skipped="0">
  <testcase classname="Intial.TestNGClassPractice" name="testFirst" time="0.014"/>
  <system-out/>
</testsuite> <!-- Intial.TestNGClassPractice -->
